<?xml version="1.0" encoding="UTF-8"?>
<testsuite xmlns:xsi="http://www.w3.org/2001/XMLSchema-instance" xsi:noNamespaceSchemaLocation="https://maven.apache.org/surefire/maven-surefire-plugin/xsd/surefire-test-report.xsd" name="com.ibm.garage.cpat.cp4i.ConsumerTest" time="3.988" tests="1" errors="0" skipped="0" failures="1">
  <properties>
[...]
</properties>
  <testcase name="testHelloEndpoint" classname="com.ibm.garage.cpat.cp4i.ConsumerTest" time="1.121">
    <failure message="1 expectation failed.&#10;Expected status code &lt;200&gt; but was &lt;404&gt;.&#10;" type="java.lang.AssertionError"><![CDATA[java.lang.AssertionError: 
1 expectation failed.
Expected status code <200> but was <404>.

	at com.ibm.garage.cpat.cp4i.ConsumerTest.testHelloEndpoint(ConsumerTest.java:17)
]]></failure>
    <system-out><![CDATA[2020-07-08 09:36:00,259 WARN  [io.qua.dep.ste.ReflectiveHierarchyStep] (build-19) Unable to properly register the hierarchy of the following classes for reflection as they are not in the Jandex index:
	- javax.security.auth.Subject
	- javax.security.auth.login.AppConfigurationEntry
	- javax.security.auth.spi.LoginModule
	- org.slf4j.Logger
	- org.slf4j.spi.LocationAwareLogger
Consider adding them to the index either by creating a Jandex index for your dependency via the Maven plugin, an empty META-INF/beans.xml or quarkus.index-dependency properties.");.
2020-07-08 09:36:01,262 INFO  [io.sma.rea.mes.ext.MediatorManager] (main) Deployment done... start processing
2020-07-08 09:36:01,265 INFO  [io.sma.rea.mes.imp.ConfiguredChannelFactory] (main) Found incoming connectors: [smallrye-kafka]
2020-07-08 09:36:01,265 INFO  [io.sma.rea.mes.imp.ConfiguredChannelFactory] (main) Found outgoing connectors: [smallrye-kafka]
2020-07-08 09:36:01,266 INFO  [io.sma.rea.mes.imp.ConfiguredChannelFactory] (main) Channel manager initializing...
Merging config with {}
2020-07-08 09:36:01,287 INFO  [io.sma.rea.mes.kaf.imp.KafkaSource] (main) Key deserializer omitted, using String as default
2020-07-08 09:36:01,317 INFO  [org.apa.kaf.cli.con.ConsumerConfig] (main) ConsumerConfig values: 
	allow.auto.create.topics = true
	auto.commit.interval.ms = 5000
	auto.offset.reset = latest
	bootstrap.servers = [es-0-ibm-es-proxy-route-bootstrap-eventstreams.mycluster-4312-cp4i-afb9c6047b062b44e3f1b3ecfeba4309-0000.sjc03.containers.appdomain.cloud:443]
	check.crcs = true
	client.dns.lookup = default
	client.id = 
	client.rack = 
	connections.max.idle.ms = 540000
	default.api.timeout.ms = 60000
	enable.auto.commit = true
	exclude.internal.topics = true
	fetch.max.bytes = 52428800
	fetch.max.wait.ms = 500
	fetch.min.bytes = 1
	group.id = technicalval-ms-reader
	group.instance.id = null
	heartbeat.interval.ms = 3000
	interceptor.classes = []
	internal.leave.group.on.close = true
	isolation.level = read_uncommitted
	key.deserializer = class org.apache.kafka.common.serialization.StringDeserializer
	max.partition.fetch.bytes = 1048576
	max.poll.interval.ms = 300000
	max.poll.records = 500
	metadata.max.age.ms = 300000
	metric.reporters = []
	metrics.num.samples = 2
	metrics.recording.level = INFO
	metrics.sample.window.ms = 30000
	partition.assignment.strategy = [class org.apache.kafka.clients.consumer.RangeAssignor]
	receive.buffer.bytes = 65536
	reconnect.backoff.max.ms = 1000
	reconnect.backoff.ms = 50
	request.timeout.ms = 30000
	retry.backoff.ms = 100
	sasl.client.callback.handler.class = null
	sasl.jaas.config = [hidden]
	sasl.kerberos.kinit.cmd = /usr/bin/kinit
	sasl.kerberos.min.time.before.relogin = 60000
	sasl.kerberos.service.name = null
	sasl.kerberos.ticket.renew.jitter = 0.05
	sasl.kerberos.ticket.renew.window.factor = 0.8
	sasl.login.callback.handler.class = null
	sasl.login.class = null
	sasl.login.refresh.buffer.seconds = 300
	sasl.login.refresh.min.period.seconds = 60
	sasl.login.refresh.window.factor = 0.8
	sasl.login.refresh.window.jitter = 0.05
	sasl.mechanism = PLAIN
	security.protocol = SASL_SSL
	security.providers = null
	send.buffer.bytes = 131072
	session.timeout.ms = 10000
	ssl.cipher.suites = null
	ssl.enabled.protocols = [TLSv1.2]
	ssl.endpoint.identification.algorithm = https
	ssl.key.password = null
	ssl.keymanager.algorithm = SunX509
	ssl.keystore.location = null
	ssl.keystore.password = null
	ssl.keystore.type = JKS
	ssl.protocol = TLSv1.2
	ssl.provider = null
	ssl.secure.random.implementation = null
	ssl.trustmanager.algorithm = PKIX
	ssl.truststore.location = /Users/jackyng/Desktop/Learning/cp4i-es-squad-financial/es-quarkus-validation/cp4i-financial-technicalval-ms/src/main/resources/ssl/es-cert.jks
	ssl.truststore.password = [hidden]
	ssl.truststore.type = JKS
	value.deserializer = class com.ibm.garage.cpat.cp4i.FinancialMessage.FinancialMessageDeserializer

2020-07-08 09:36:01,485 INFO  [org.apa.kaf.com.sec.aut.AbstractLogin] (main) Successfully logged in.
2020-07-08 09:36:01,633 INFO  [org.apa.kaf.com.uti.AppInfoParser] (main) Kafka version: 2.5.0
2020-07-08 09:36:01,633 INFO  [org.apa.kaf.com.uti.AppInfoParser] (main) Kafka commitId: 66563e712b0b9f84
2020-07-08 09:36:01,633 INFO  [org.apa.kaf.com.uti.AppInfoParser] (main) Kafka startTimeMs: 1594215361632
Merging config with {}
2020-07-08 09:36:01,672 INFO  [io.sma.rea.mes.kaf.imp.KafkaSink] (main) Key deserializer omitted, using String as default
2020-07-08 09:36:01,677 INFO  [org.apa.kaf.cli.pro.ProducerConfig] (main) ProducerConfig values: 
	acks = 1
	batch.size = 16384
	bootstrap.servers = [es-0-ibm-es-proxy-route-bootstrap-eventstreams.mycluster-4312-cp4i-afb9c6047b062b44e3f1b3ecfeba4309-0000.sjc03.containers.appdomain.cloud:443]
	buffer.memory = 33554432
	client.dns.lookup = default
	client.id = producer-1
	compression.type = none
	connections.max.idle.ms = 540000
	delivery.timeout.ms = 120000
	enable.idempotence = false
	interceptor.classes = []
	key.serializer = class org.apache.kafka.common.serialization.StringSerializer
	linger.ms = 0
	max.block.ms = 60000
	max.in.flight.requests.per.connection = 5
	max.request.size = 1048576
	metadata.max.age.ms = 300000
	metadata.max.idle.ms = 300000
	metric.reporters = []
	metrics.num.samples = 2
	metrics.recording.level = INFO
	metrics.sample.window.ms = 30000
	partitioner.class = class org.apache.kafka.clients.producer.internals.DefaultPartitioner
	receive.buffer.bytes = 32768
	reconnect.backoff.max.ms = 1000
	reconnect.backoff.ms = 50
	request.timeout.ms = 30000
	retries = 2147483647
	retry.backoff.ms = 100
	sasl.client.callback.handler.class = null
	sasl.jaas.config = [hidden]
	sasl.kerberos.kinit.cmd = /usr/bin/kinit
	sasl.kerberos.min.time.before.relogin = 60000
	sasl.kerberos.service.name = null
	sasl.kerberos.ticket.renew.jitter = 0.05
	sasl.kerberos.ticket.renew.window.factor = 0.8
	sasl.login.callback.handler.class = null
	sasl.login.class = null
	sasl.login.refresh.buffer.seconds = 300
	sasl.login.refresh.min.period.seconds = 60
	sasl.login.refresh.window.factor = 0.8
	sasl.login.refresh.window.jitter = 0.05
	sasl.mechanism = PLAIN
	security.protocol = SASL_SSL
	security.providers = null
	send.buffer.bytes = 131072
	ssl.cipher.suites = null
	ssl.enabled.protocols = [TLSv1.2]
	ssl.endpoint.identification.algorithm = https
	ssl.key.password = null
	ssl.keymanager.algorithm = SunX509
	ssl.keystore.location = null
	ssl.keystore.password = null
	ssl.keystore.type = JKS
	ssl.protocol = TLSv1.2
	ssl.provider = null
	ssl.secure.random.implementation = null
	ssl.trustmanager.algorithm = PKIX
	ssl.truststore.location = /Users/jackyng/Desktop/Learning/cp4i-es-squad-financial/es-quarkus-validation/cp4i-financial-technicalval-ms/src/main/resources/ssl/es-cert.jks
	ssl.truststore.password = [hidden]
	ssl.truststore.type = JKS
	transaction.timeout.ms = 60000
	transactional.id = null
	value.serializer = class io.quarkus.kafka.client.serialization.JsonbSerializer

2020-07-08 09:36:01,714 INFO  [org.apa.kaf.com.uti.AppInfoParser] (main) Kafka version: 2.5.0
2020-07-08 09:36:01,715 INFO  [org.apa.kaf.com.uti.AppInfoParser] (main) Kafka commitId: 66563e712b0b9f84
2020-07-08 09:36:01,715 INFO  [org.apa.kaf.com.uti.AppInfoParser] (main) Kafka startTimeMs: 1594215361714
2020-07-08 09:36:01,722 INFO  [io.sma.rea.mes.ext.MediatorManager] (main) Initializing mediators
2020-07-08 09:36:01,740 INFO  [io.sma.rea.mes.ext.MediatorManager] (main) Connecting mediators
2020-07-08 09:36:01,741 INFO  [io.sma.rea.mes.ext.MediatorManager] (main) Attempt to resolve com.ibm.garage.cpat.cp4i.TechnicalValidation.TechnicalValidation#processCompliance
2020-07-08 09:36:01,744 INFO  [io.sma.rea.mes.ext.MediatorManager] (main) Connecting com.ibm.garage.cpat.cp4i.TechnicalValidation.TechnicalValidation#processCompliance to `[pre-technical-check]` (org.eclipse.microprofile.reactive.streams.operators.core.PublisherBuilderImpl@415a3f6a)
2020-07-08 09:36:01,746 INFO  [io.sma.rea.mes.ext.MediatorManager] (main) Connecting method com.ibm.garage.cpat.cp4i.TechnicalValidation.TechnicalValidation#processCompliance to sink post-technical-check
2020-07-08 09:36:01,766 INFO  [org.apa.kaf.cli.con.KafkaConsumer] (vert.x-kafka-consumer-thread-0) [Consumer clientId=consumer-technicalval-ms-reader-1, groupId=technicalval-ms-reader] Subscribed to topic(s): financial-asset-source-mq
2020-07-08 09:36:01,892 INFO  [io.quarkus] (main) Quarkus 1.5.1.Final on JVM started in 2.573s. Listening on: http://0.0.0.0:8081
2020-07-08 09:36:01,893 INFO  [io.quarkus] (main) Profile test activated. 
2020-07-08 09:36:01,893 INFO  [io.quarkus] (main) Installed features: [cdi, mutiny, resteasy, resteasy-jsonb, smallrye-reactive-messaging, smallrye-reactive-messaging-kafka, vertx]
2020-07-08 09:36:02,846 INFO  [org.apa.kaf.cli.Metadata] (kafka-producer-network-thread | producer-1) [Producer clientId=producer-1] Cluster ID: r1e2pnt8QqCqNtDm0fTsnQ
2020-07-08 09:36:02,847 INFO  [org.apa.kaf.cli.Metadata] (vert.x-kafka-consumer-thread-0) [Consumer clientId=consumer-technicalval-ms-reader-1, groupId=technicalval-ms-reader] Cluster ID: r1e2pnt8QqCqNtDm0fTsnQ
2020-07-08 09:36:02,848 INFO  [org.apa.kaf.cli.con.int.AbstractCoordinator] (vert.x-kafka-consumer-thread-0) [Consumer clientId=consumer-technicalval-ms-reader-1, groupId=technicalval-ms-reader] Discovered group coordinator es-0-ibm-es-proxy-route-broker-0-eventstreams.mycluster-4312-cp4i-afb9c6047b062b44e3f1b3ecfeba4309-0000.sjc03.containers.appdomain.cloud:443 (id: 2147483647 rack: null)
2020-07-08 09:36:02,860 INFO  [org.apa.kaf.cli.con.int.AbstractCoordinator] (vert.x-kafka-consumer-thread-0) [Consumer clientId=consumer-technicalval-ms-reader-1, groupId=technicalval-ms-reader] (Re-)joining group
]]></system-out>
  </testcase>
</testsuite>